2024-06-30 13:28:41,919 INFO [default] SimpleGameController: start unload room
2024-06-30 13:28:41,919 INFO [default] SimpleGameController: current room is null
2024-06-30 13:28:41,982 INFO [default] SimpleGameController: setting scene
2024-06-30 13:28:41,986 INFO [default] ModelEntity: set new entity
2024-06-30 13:28:41,986 INFO [default] ModelEntity: end set new entity
2024-06-30 13:28:41,987 INFO [default] ModelEntity: set new entity
2024-06-30 13:28:41,987 INFO [default] ModelEntity: end set new entity
2024-06-30 13:28:41,988 INFO [default] ModelEntity: set new entity
2024-06-30 13:28:41,988 INFO [default] ModelEntity: end set new entity
2024-06-30 13:28:42,000 INFO [default] ModelEntity: set new entity
2024-06-30 13:28:42,000 INFO [default] ModelEntity: end set new entity
2024-06-30 13:28:42,000 INFO [default] ModelEntity: set new entity
2024-06-30 13:28:42,000 INFO [default] ModelEntity: end set new entity
2024-06-30 13:28:42,000 INFO [default] ModelEntity: set new entity
2024-06-30 13:28:42,000 INFO [default] ModelEntity: end set new entity
2024-06-30 13:28:42,000 INFO [default] SimpleGameController: scene spawning
2024-06-30 13:28:42,000 INFO [default] SingleHeroScene: scene init
2024-06-30 13:28:42,000 INFO [default] SingleHeroScene: start load entity
2024-06-30 13:28:42,000 INFO [default] SingleHeroScene: start load entity size: 1
2024-06-30 13:28:42,000 INFO [default] SingleHeroScene: load entity numer: 0
2024-06-30 13:28:42,000 INFO [default] SingleHeroScene: load entity name: 0000000000000001
2024-06-30 13:28:42,000 INFO [default] SingleHeroScene: entity loaded
2024-06-30 13:37:23,600 INFO [default] SimpleGameController: start unload room
2024-06-30 13:37:23,600 INFO [default] SimpleGameController: current room is null
2024-06-30 13:37:23,644 INFO [default] SimpleGameController: setting scene
2024-06-30 13:37:23,648 INFO [default] ModelEntity: set new entity
2024-06-30 13:37:23,648 INFO [default] ModelEntity: end set new entity
2024-06-30 13:37:23,648 INFO [default] ModelEntity: set new entity
2024-06-30 13:37:23,648 INFO [default] ModelEntity: end set new entity
2024-06-30 13:37:23,650 INFO [default] ModelEntity: set new entity
2024-06-30 13:37:23,650 INFO [default] ModelEntity: end set new entity
2024-06-30 13:37:23,650 INFO [default] ModelEntity: set new entity
2024-06-30 13:37:23,650 INFO [default] ModelEntity: end set new entity
2024-06-30 13:37:23,650 INFO [default] ModelEntity: set new entity
2024-06-30 13:37:23,650 INFO [default] ModelEntity: end set new entity
2024-06-30 13:37:23,650 INFO [default] ModelEntity: set new entity
2024-06-30 13:37:23,650 INFO [default] ModelEntity: end set new entity
2024-06-30 13:37:23,650 INFO [default] SimpleGameController: scene spawning
2024-06-30 13:37:23,650 INFO [default] SingleHeroScene: scene init
2024-06-30 13:37:23,650 INFO [default] SingleHeroScene: start load entity
2024-06-30 13:37:23,650 INFO [default] SingleHeroScene: start load entity size: 1
2024-06-30 13:37:23,650 INFO [default] SingleHeroScene: load entity numer: 0
2024-06-30 13:37:23,650 INFO [default] SingleHeroScene: load entity name: 0000000000000001
2024-06-30 13:37:23,650 INFO [default] SingleHeroScene: entity loaded
2024-06-30 13:37:30,770 INFO [default] SimpleGameController: start unload room
2024-06-30 13:37:30,770 INFO [default] SimpleGameController: current room is null
2024-06-30 13:37:30,812 INFO [default] SimpleGameController: setting scene
2024-06-30 13:37:30,815 INFO [default] ModelEntity: set new entity
2024-06-30 13:37:30,815 INFO [default] ModelEntity: end set new entity
2024-06-30 13:37:30,816 INFO [default] ModelEntity: set new entity
2024-06-30 13:37:30,816 INFO [default] ModelEntity: end set new entity
2024-06-30 13:37:30,817 INFO [default] ModelEntity: set new entity
2024-06-30 13:37:30,817 INFO [default] ModelEntity: end set new entity
2024-06-30 13:37:30,817 INFO [default] ModelEntity: set new entity
2024-06-30 13:37:30,817 INFO [default] ModelEntity: end set new entity
2024-06-30 13:37:30,817 INFO [default] ModelEntity: set new entity
2024-06-30 13:37:30,817 INFO [default] ModelEntity: end set new entity
2024-06-30 13:37:30,817 INFO [default] ModelEntity: set new entity
2024-06-30 13:37:30,817 INFO [default] ModelEntity: end set new entity
2024-06-30 13:37:30,817 INFO [default] SimpleGameController: scene spawning
2024-06-30 13:37:30,817 INFO [default] SingleHeroScene: scene init
2024-06-30 13:37:30,817 INFO [default] SingleHeroScene: start load entity
2024-06-30 13:37:30,817 INFO [default] SingleHeroScene: start load entity size: 1
2024-06-30 13:37:30,817 INFO [default] SingleHeroScene: load entity numer: 0
2024-06-30 13:37:30,817 INFO [default] SingleHeroScene: load entity name: 0000000000000001
2024-06-30 13:37:30,817 INFO [default] SingleHeroScene: entity loaded
