2024-06-29 12:26:05,074 INFO [default] SimpleGameController: start unload room
2024-06-29 12:26:05,074 INFO [default] SimpleGameController: current room is null
2024-06-29 12:26:05,117 INFO [default] SimpleGameController: setting scene
2024-06-29 12:26:05,119 INFO [default] ModelEntity: set new entity
2024-06-29 12:26:05,119 INFO [default] ModelEntity: end set new entity
2024-06-29 12:26:05,119 INFO [default] ModelEntity: set new entity
2024-06-29 12:26:05,119 INFO [default] ModelEntity: end set new entity
2024-06-29 12:26:05,119 INFO [default] ModelEntity: set new entity
2024-06-29 12:26:05,119 INFO [default] ModelEntity: end set new entity
2024-06-29 12:26:05,119 INFO [default] SimpleGameController: scene spawning
2024-06-29 12:26:05,119 INFO [default] SingleHeroScene: scene init
2024-06-29 12:26:05,119 INFO [default] SingleHeroScene: start load entity
2024-06-29 12:26:05,119 INFO [default] SingleHeroScene: start load entity size: 1
2024-06-29 12:26:05,119 INFO [default] SingleHeroScene: load entity numer: 0
2024-06-29 12:26:05,119 INFO [default] SingleHeroScene: load entity name: 0000000000000001
2024-06-29 12:26:05,119 INFO [default] SingleHeroScene: entity loaded
2024-06-29 12:26:09,660 INFO [default] SimpleGameController: start unload room
2024-06-29 12:26:09,660 INFO [default] SimpleGameController: current room is VoidScene
2024-06-29 12:26:09,660 INFO [default] SingleHeroScene: save entity
2024-06-29 12:26:09,660 INFO [default] SingleHeroScene: save entity by key: hero:0000000000000001
2024-06-29 12:26:09,660 INFO [default] SingleHeroScene: entity saved
2024-06-29 12:26:09,660 INFO [default] SimpleGameController: delete current scene
2024-06-29 12:26:09,666 INFO [default] SimpleGameController: setting scene
2024-06-29 12:26:09,667 INFO [default] ModelEntity: set new entity
2024-06-29 12:26:09,667 INFO [default] ModelEntity: end set new entity
2024-06-29 12:26:09,667 INFO [default] ModelEntity: set new entity
2024-06-29 12:26:09,667 INFO [default] ModelEntity: end set new entity
2024-06-29 12:26:09,667 INFO [default] SimpleGameController: scene spawning
2024-06-29 12:26:09,667 INFO [default] SingleHeroScene: scene init
2024-06-29 12:26:09,667 INFO [default] SingleHeroScene: start load entity
2024-06-29 12:26:09,667 INFO [default] SingleHeroScene: start load entity size: 2
2024-06-29 12:26:09,667 INFO [default] SingleHeroScene: load entity numer: 0
2024-06-29 12:26:09,668 INFO [default] SingleHeroScene: load entity name: 0000000000000001
2024-06-29 12:26:09,668 INFO [default] SingleHeroScene: load entity by key: hero:0000000000000001
2024-06-29 12:27:53,708 INFO [default] SimpleGameController: start unload room
2024-06-29 12:27:53,708 INFO [default] SimpleGameController: current room is null
2024-06-29 12:27:53,757 INFO [default] SimpleGameController: setting scene
2024-06-29 12:27:53,758 INFO [default] ModelEntity: set new entity
2024-06-29 12:27:53,758 INFO [default] ModelEntity: end set new entity
2024-06-29 12:27:53,759 INFO [default] ModelEntity: set new entity
2024-06-29 12:27:53,759 INFO [default] ModelEntity: end set new entity
2024-06-29 12:27:53,759 INFO [default] ModelEntity: set new entity
2024-06-29 12:27:53,759 INFO [default] ModelEntity: end set new entity
2024-06-29 12:27:53,759 INFO [default] SimpleGameController: scene spawning
2024-06-29 12:27:53,759 INFO [default] SingleHeroScene: scene init
2024-06-29 12:27:53,759 INFO [default] SingleHeroScene: start load entity
2024-06-29 12:27:53,759 INFO [default] SingleHeroScene: start load entity size: 1
2024-06-29 12:27:53,759 INFO [default] SingleHeroScene: load entity numer: 0
2024-06-29 12:27:53,759 INFO [default] SingleHeroScene: load entity name: 0000000000000001
2024-06-29 12:27:53,759 INFO [default] SingleHeroScene: entity loaded
2024-06-29 12:27:57,104 INFO [default] SimpleGameController: start unload room
2024-06-29 12:27:57,104 INFO [default] SimpleGameController: current room is VoidScene
2024-06-29 12:27:57,104 INFO [default] SingleHeroScene: save entity
2024-06-29 12:27:57,104 INFO [default] SingleHeroScene: save entity by key: hero:0000000000000001
2024-06-29 12:27:57,104 INFO [default] SingleHeroScene: entity saved
2024-06-29 12:27:57,104 INFO [default] SimpleGameController: delete current scene
2024-06-29 12:27:57,109 INFO [default] SimpleGameController: setting scene
2024-06-29 12:27:57,110 INFO [default] ModelEntity: set new entity
2024-06-29 12:27:57,110 INFO [default] ModelEntity: end set new entity
2024-06-29 12:27:57,110 INFO [default] ModelEntity: set new entity
2024-06-29 12:27:57,110 INFO [default] ModelEntity: end set new entity
2024-06-29 12:27:57,110 INFO [default] SimpleGameController: scene spawning
2024-06-29 12:27:57,110 INFO [default] SingleHeroScene: scene init
2024-06-29 12:27:57,110 INFO [default] SingleHeroScene: start load entity
2024-06-29 12:27:57,110 INFO [default] SingleHeroScene: start load entity size: 2
2024-06-29 12:27:57,110 INFO [default] SingleHeroScene: load entity numer: 0
2024-06-29 12:27:57,110 INFO [default] SingleHeroScene: load entity name: 0000000000000001
2024-06-29 12:27:57,110 INFO [default] SingleHeroScene: load entity by key: hero:0000000000000001
2024-06-29 12:27:57,110 INFO [default] SingleHeroScene: entity by key: hero:0000000000000001 cloned
2024-06-29 12:27:57,110 INFO [default] ModelEntity: set new entity
2024-06-29 12:27:57,110 INFO [default] ModelEntity: start to replace entity
2024-06-29 12:27:57,110 INFO [default] ModelEntity: check eternityData selected entity
2024-06-29 12:27:57,110 INFO [default] ModelEntity: set new entity
2024-06-29 12:27:57,110 INFO [default] MovingEntity: update entity
2024-06-29 12:27:57,110 INFO [default] ModelEntity: start update entity
2024-06-29 12:27:57,110 INFO [default] ModelEntity: end update entity
2024-06-29 12:27:57,110 INFO [default] MovingEntity: input set entity
2024-06-29 12:27:57,110 INFO [default] MovingEntity: move set entity
2024-06-29 12:27:57,110 INFO [default] MovingEntity: health set entity
2024-06-29 12:27:57,110 INFO [default] MovingEntity: attack set entity
2024-06-29 12:27:57,110 INFO [default] MovingEntity: end set entity
2024-06-29 12:27:57,110 INFO [default] ModelEntity: delete old entity
2024-06-29 12:27:57,110 INFO [default] ModelEntity: end set new entity
2024-06-29 12:27:57,110 INFO [default] SingleHeroScene: load entity numer: 1
2024-06-29 12:27:57,110 INFO [default] SingleHeroScene: load entity name: 0000000000000001
2024-06-29 12:27:57,110 INFO [default] SingleHeroScene: load entity by key: hero:0000000000000001
2024-06-29 12:27:57,110 INFO [default] SingleHeroScene: entity by key: hero:0000000000000001 cloned
2024-06-29 12:27:57,110 INFO [default] ModelEntity: set new entity
2024-06-29 12:27:57,110 INFO [default] ModelEntity: start to replace entity
2024-06-29 12:27:57,110 INFO [default] ModelEntity: check eternityData selected entity
2024-06-29 12:27:57,110 INFO [default] ModelEntity: set new entity
2024-06-29 12:27:57,110 INFO [default] MovingEntity: update entity
2024-06-29 12:27:57,110 INFO [default] ModelEntity: start update entity
2024-06-29 12:27:57,110 INFO [default] ModelEntity: end update entity
2024-06-29 12:27:57,110 INFO [default] MovingEntity: input set entity
2024-06-29 12:27:57,110 INFO [default] MovingEntity: move set entity
2024-06-29 12:27:57,110 INFO [default] MovingEntity: health set entity
2024-06-29 12:27:57,110 INFO [default] MovingEntity: attack set entity
2024-06-29 12:27:57,110 INFO [default] MovingEntity: end set entity
2024-06-29 12:27:57,110 INFO [default] ModelEntity: delete old entity
2024-06-29 12:27:57,110 INFO [default] ModelEntity: end set new entity
2024-06-29 12:27:57,110 INFO [default] SingleHeroScene: entity loaded
2024-06-29 12:29:36,800 INFO [default] SimpleGameController: start unload room
2024-06-29 12:29:36,800 INFO [default] SimpleGameController: current room is null
2024-06-29 12:29:36,851 INFO [default] SimpleGameController: setting scene
2024-06-29 12:29:36,852 INFO [default] ModelEntity: set new entity
2024-06-29 12:29:36,852 INFO [default] ModelEntity: end set new entity
2024-06-29 12:29:36,853 INFO [default] ModelEntity: set new entity
2024-06-29 12:29:36,853 INFO [default] ModelEntity: end set new entity
2024-06-29 12:29:36,853 INFO [default] ModelEntity: set new entity
2024-06-29 12:29:36,853 INFO [default] ModelEntity: end set new entity
2024-06-29 12:29:36,853 INFO [default] SimpleGameController: scene spawning
2024-06-29 12:29:36,853 INFO [default] SingleHeroScene: scene init
2024-06-29 12:29:36,853 INFO [default] SingleHeroScene: start load entity
2024-06-29 12:29:36,853 INFO [default] SingleHeroScene: start load entity size: 1
2024-06-29 12:29:36,853 INFO [default] SingleHeroScene: load entity numer: 0
2024-06-29 12:29:36,853 INFO [default] SingleHeroScene: load entity name: 0000000000000001
2024-06-29 12:29:36,853 INFO [default] SingleHeroScene: entity loaded
2024-06-29 12:29:39,903 INFO [default] ModelEntity: set new entity
2024-06-29 12:29:39,903 INFO [default] ModelEntity: end set new entity
2024-06-29 12:29:49,215 INFO [default] SimpleGameController: start unload room
2024-06-29 12:29:49,215 INFO [default] SimpleGameController: current room is VoidScene
2024-06-29 12:29:49,215 INFO [default] SingleHeroScene: save entity
2024-06-29 12:29:49,215 INFO [default] SingleHeroScene: save entity by key: hero:0000000000000001
2024-06-29 12:29:49,215 INFO [default] SingleHeroScene: entity saved
2024-06-29 12:29:49,215 INFO [default] SimpleGameController: delete current scene
2024-06-29 12:29:49,220 INFO [default] SimpleGameController: setting scene
2024-06-29 12:29:49,220 INFO [default] ModelEntity: set new entity
2024-06-29 12:29:49,220 INFO [default] ModelEntity: end set new entity
2024-06-29 12:29:49,221 INFO [default] ModelEntity: set new entity
2024-06-29 12:29:49,221 INFO [default] ModelEntity: end set new entity
2024-06-29 12:29:49,221 INFO [default] SimpleGameController: scene spawning
2024-06-29 12:29:49,221 INFO [default] SingleHeroScene: scene init
2024-06-29 12:29:49,221 INFO [default] SingleHeroScene: start load entity
2024-06-29 12:29:49,221 INFO [default] SingleHeroScene: start load entity size: 2
2024-06-29 12:29:49,221 INFO [default] SingleHeroScene: load entity numer: 0
2024-06-29 12:29:49,221 INFO [default] SingleHeroScene: load entity name: 0000000000000001
2024-06-29 12:29:49,221 INFO [default] SingleHeroScene: load entity by key: hero:0000000000000001
2024-06-29 12:29:49,221 INFO [default] SingleHeroScene: entity by key: hero:0000000000000001 cloned
2024-06-29 12:29:49,221 INFO [default] ModelEntity: set new entity
2024-06-29 12:29:49,221 INFO [default] ModelEntity: start to replace entity
2024-06-29 12:29:49,221 INFO [default] ModelEntity: check eternityData selected entity
2024-06-29 12:29:49,221 INFO [default] ModelEntity: set new entity
2024-06-29 12:29:49,221 INFO [default] MovingEntity: update entity
2024-06-29 12:29:49,221 INFO [default] ModelEntity: start update entity
2024-06-29 12:29:49,221 INFO [default] ModelEntity: end update entity
2024-06-29 12:29:49,221 INFO [default] MovingEntity: input set entity
2024-06-29 12:29:49,221 INFO [default] MovingEntity: move set entity
2024-06-29 12:29:49,221 INFO [default] MovingEntity: health set entity
2024-06-29 12:29:49,221 INFO [default] MovingEntity: attack set entity
2024-06-29 12:29:49,221 INFO [default] MovingEntity: end set entity
2024-06-29 12:29:49,221 INFO [default] ModelEntity: delete old entity
2024-06-29 12:29:49,221 INFO [default] ModelEntity: end set new entity
2024-06-29 12:29:49,221 INFO [default] SingleHeroScene: load entity numer: 1
2024-06-29 12:29:49,221 INFO [default] SingleHeroScene: load entity name: 0000000000000001
2024-06-29 12:29:49,221 INFO [default] SingleHeroScene: load entity by key: hero:0000000000000001
2024-06-29 12:29:49,221 INFO [default] SingleHeroScene: entity by key: hero:0000000000000001 cloned
2024-06-29 12:29:49,221 INFO [default] ModelEntity: set new entity
2024-06-29 12:29:49,221 INFO [default] ModelEntity: start to replace entity
2024-06-29 12:29:49,221 INFO [default] ModelEntity: check eternityData selected entity
2024-06-29 12:29:49,221 INFO [default] ModelEntity: set new entity
2024-06-29 12:29:49,221 INFO [default] MovingEntity: update entity
2024-06-29 12:29:49,221 INFO [default] ModelEntity: start update entity
2024-06-29 12:29:49,221 INFO [default] ModelEntity: end update entity
2024-06-29 12:29:49,221 INFO [default] MovingEntity: input set entity
2024-06-29 12:29:49,221 INFO [default] MovingEntity: move set entity
2024-06-29 12:29:49,221 INFO [default] MovingEntity: health set entity
2024-06-29 12:29:49,221 INFO [default] MovingEntity: attack set entity
2024-06-29 12:29:49,221 INFO [default] MovingEntity: end set entity
2024-06-29 12:29:49,221 INFO [default] ModelEntity: delete old entity
2024-06-29 12:29:49,221 INFO [default] ModelEntity: end set new entity
2024-06-29 12:29:49,221 INFO [default] SingleHeroScene: entity loaded
2024-06-29 12:30:03,191 INFO [default] ModelEntity: set new entity
2024-06-29 12:30:03,192 INFO [default] ModelEntity: end set new entity
2024-06-29 12:51:29,672 INFO [default] SimpleGameController: start unload room
2024-06-29 12:51:29,672 INFO [default] SimpleGameController: current room is null
2024-06-29 12:51:29,724 INFO [default] SimpleGameController: setting scene
2024-06-29 12:51:29,725 INFO [default] ModelEntity: set new entity
2024-06-29 12:51:29,725 INFO [default] ModelEntity: end set new entity
2024-06-29 12:51:29,725 INFO [default] ModelEntity: set new entity
2024-06-29 12:51:29,725 INFO [default] ModelEntity: end set new entity
2024-06-29 12:51:29,725 INFO [default] ModelEntity: set new entity
2024-06-29 12:51:29,725 INFO [default] ModelEntity: end set new entity
2024-06-29 12:51:29,725 INFO [default] SimpleGameController: scene spawning
2024-06-29 12:51:29,725 INFO [default] SingleHeroScene: scene init
2024-06-29 12:51:29,725 INFO [default] SingleHeroScene: start load entity
2024-06-29 12:51:29,725 INFO [default] SingleHeroScene: start load entity size: 1
2024-06-29 12:51:29,725 INFO [default] SingleHeroScene: load entity numer: 0
2024-06-29 12:51:29,725 INFO [default] SingleHeroScene: load entity name: 0000000000000001
2024-06-29 12:51:29,725 INFO [default] SingleHeroScene: entity loaded
2024-06-29 12:51:52,569 INFO [default] SimpleGameController: start unload room
2024-06-29 12:51:52,569 INFO [default] SimpleGameController: current room is null
2024-06-29 12:51:52,615 INFO [default] SimpleGameController: setting scene
2024-06-29 12:51:52,616 INFO [default] ModelEntity: set new entity
2024-06-29 12:51:52,616 INFO [default] ModelEntity: end set new entity
2024-06-29 12:51:52,617 INFO [default] ModelEntity: set new entity
2024-06-29 12:51:52,617 INFO [default] ModelEntity: end set new entity
2024-06-29 12:51:52,617 INFO [default] ModelEntity: set new entity
2024-06-29 12:51:52,617 INFO [default] ModelEntity: end set new entity
2024-06-29 12:51:52,617 INFO [default] SimpleGameController: scene spawning
2024-06-29 12:51:52,617 INFO [default] SingleHeroScene: scene init
2024-06-29 12:51:52,617 INFO [default] SingleHeroScene: start load entity
2024-06-29 12:51:52,617 INFO [default] SingleHeroScene: start load entity size: 1
2024-06-29 12:51:52,617 INFO [default] SingleHeroScene: load entity numer: 0
2024-06-29 12:51:52,617 INFO [default] SingleHeroScene: load entity name: 0000000000000001
2024-06-29 12:51:52,617 INFO [default] SingleHeroScene: entity loaded
2024-06-29 12:51:58,345 INFO [default] ModelEntity: set new entity
2024-06-29 12:51:58,345 INFO [default] ModelEntity: end set new entity
2024-06-29 12:52:19,651 INFO [default] SimpleGameController: start unload room
2024-06-29 12:52:19,651 INFO [default] SimpleGameController: current room is VoidScene
2024-06-29 12:52:19,651 INFO [default] SingleHeroScene: save entity
2024-06-29 12:52:19,651 INFO [default] SingleHeroScene: save entity by key: hero:0000000000000001
2024-06-29 12:52:19,651 INFO [default] SingleHeroScene: entity saved
2024-06-29 12:52:19,651 INFO [default] SimpleGameController: delete current scene
2024-06-29 12:52:19,656 INFO [default] SimpleGameController: setting scene
2024-06-29 12:52:19,656 INFO [default] ModelEntity: set new entity
2024-06-29 12:52:19,656 INFO [default] ModelEntity: end set new entity
2024-06-29 12:52:19,657 INFO [default] ModelEntity: set new entity
2024-06-29 12:52:19,657 INFO [default] ModelEntity: end set new entity
2024-06-29 12:52:19,657 INFO [default] SimpleGameController: scene spawning
2024-06-29 12:52:19,657 INFO [default] SingleHeroScene: scene init
2024-06-29 12:52:19,657 INFO [default] SingleHeroScene: start load entity
2024-06-29 12:52:19,657 INFO [default] SingleHeroScene: start load entity size: 2
2024-06-29 12:52:19,657 INFO [default] SingleHeroScene: load entity numer: 0
2024-06-29 12:52:19,657 INFO [default] SingleHeroScene: load entity name: 0000000000000001
2024-06-29 12:52:19,657 INFO [default] SingleHeroScene: load entity by key: hero:0000000000000001
2024-06-29 12:52:19,657 INFO [default] SingleHeroScene: entity by key: hero:0000000000000001 cloned
2024-06-29 12:52:19,657 INFO [default] ModelEntity: set new entity
2024-06-29 12:52:19,657 INFO [default] ModelEntity: start to replace entity
2024-06-29 12:52:19,657 INFO [default] ModelEntity: check eternityData selected entity
2024-06-29 12:52:19,657 INFO [default] ModelEntity: set new entity
2024-06-29 12:52:19,657 INFO [default] MovingEntity: update entity
2024-06-29 12:52:19,657 INFO [default] ModelEntity: start update entity
2024-06-29 12:52:19,657 INFO [default] ModelEntity: end update entity
2024-06-29 12:52:19,657 INFO [default] MovingEntity: input set entity
2024-06-29 12:52:19,657 INFO [default] MovingEntity: move set entity
2024-06-29 12:52:19,657 INFO [default] MovingEntity: health set entity
2024-06-29 12:52:19,657 INFO [default] MovingEntity: attack set entity
2024-06-29 12:52:19,657 INFO [default] MovingEntity: end set entity
2024-06-29 12:52:19,657 INFO [default] ModelEntity: end set new entity
2024-06-29 12:52:19,657 INFO [default] SingleHeroScene: load entity numer: 1
2024-06-29 12:52:19,657 INFO [default] SingleHeroScene: load entity name: 0000000000000001
2024-06-29 12:52:19,657 INFO [default] SingleHeroScene: load entity by key: hero:0000000000000001
2024-06-29 12:52:19,657 INFO [default] SingleHeroScene: entity by key: hero:0000000000000001 cloned
2024-06-29 12:52:19,657 INFO [default] ModelEntity: set new entity
2024-06-29 12:52:19,657 INFO [default] ModelEntity: start to replace entity
2024-06-29 12:52:19,657 INFO [default] ModelEntity: check eternityData selected entity
2024-06-29 12:52:19,657 INFO [default] ModelEntity: set new entity
2024-06-29 12:52:19,657 INFO [default] MovingEntity: update entity
2024-06-29 12:52:19,657 INFO [default] ModelEntity: start update entity
2024-06-29 12:52:19,657 INFO [default] ModelEntity: end update entity
2024-06-29 12:52:19,657 INFO [default] MovingEntity: input set entity
2024-06-29 12:52:19,657 INFO [default] MovingEntity: move set entity
2024-06-29 12:52:19,657 INFO [default] MovingEntity: health set entity
2024-06-29 12:52:19,657 INFO [default] MovingEntity: attack set entity
2024-06-29 12:52:19,657 INFO [default] MovingEntity: end set entity
2024-06-29 12:52:19,657 INFO [default] ModelEntity: end set new entity
2024-06-29 12:52:19,657 INFO [default] SingleHeroScene: entity loaded
2024-06-29 12:52:22,849 INFO [default] ModelEntity: set new entity
2024-06-29 12:52:22,849 INFO [default] ModelEntity: end set new entity
